SF:lib/src/Network/lru_etag_cache.dart
DA:6,8
DA:8,12
DA:10,3
DA:12,2
DA:14,6
DA:18,3
DA:20,3
DA:22,3
DA:24,3
LF:9
LH:9
end_of_record
SF:lib/src/Network/network.dart
DA:12,2
DA:35,4
DA:39,2
DA:46,1
DA:52,2
DA:53,2
DA:55,1
DA:58,1
DA:59,1
DA:61,1
DA:62,1
DA:63,1
DA:64,1
DA:65,1
DA:66,1
DA:67,1
DA:68,3
DA:69,5
DA:70,2
DA:71,1
DA:72,1
DA:73,1
DA:76,0
DA:77,0
DA:79,1
DA:80,2
DA:81,1
DA:82,1
DA:83,1
DA:93,2
DA:94,2
DA:98,1
DA:99,2
DA:102,2
DA:109,2
DA:111,4
DA:112,4
DA:114,1
DA:116,2
DA:119,4
DA:121,2
DA:123,1
DA:125,3
DA:129,2
DA:130,2
DA:131,2
DA:134,2
DA:135,1
DA:139,2
DA:140,2
DA:141,2
DA:143,3
DA:145,2
DA:148,3
DA:150,2
DA:151,4
DA:152,2
DA:154,0
DA:155,0
DA:159,1
DA:165,1
DA:172,1
DA:180,2
DA:183,1
DA:184,1
DA:190,2
DA:192,1
LF:67
LH:63
end_of_record
SF:lib/src/Evaluator/condition_evaluator.dart
DA:34,0
DA:35,0
DA:43,6
DA:49,5
DA:50,6
DA:53,6
DA:54,12
DA:55,6
DA:57,6
DA:58,1
DA:62,6
DA:63,1
DA:67,6
DA:68,1
DA:72,6
DA:73,1
DA:78,6
DA:79,6
DA:90,1
DA:92,1
DA:96,2
DA:99,1
DA:109,1
DA:113,2
DA:116,1
DA:126,3
DA:127,6
DA:128,12
DA:134,1
DA:141,1
DA:142,1
DA:144,2
DA:151,1
DA:155,1
DA:164,6
DA:165,6
DA:167,6
DA:168,1
DA:170,6
DA:174,12
DA:175,6
DA:178,6
DA:179,6
DA:189,6
DA:192,12
DA:193,6
DA:197,3
DA:203,3
DA:204,1
DA:205,3
DA:206,1
DA:216,3
DA:217,3
DA:218,6
DA:221,6
DA:226,1
DA:227,1
DA:229,1
DA:241,1
DA:243,1
DA:244,2
DA:246,1
DA:249,1
DA:255,1
DA:267,3
DA:274,3
DA:275,3
DA:279,3
DA:280,1
DA:284,3
DA:285,2
DA:287,2
DA:293,3
DA:294,7
DA:295,2
DA:296,3
DA:300,2
DA:302,2
DA:303,2
DA:307,1
DA:308,1
DA:311,1
DA:312,1
DA:317,2
DA:319,2
DA:320,1
DA:336,2
DA:339,1
DA:340,1
DA:344,1
DA:345,2
DA:349,4
DA:350,4
DA:351,4
DA:352,4
DA:353,4
DA:358,2
DA:359,1
DA:361,2
DA:362,2
DA:364,2
DA:365,1
DA:366,2
DA:367,1
DA:368,2
DA:369,1
DA:370,2
DA:371,1
DA:372,2
DA:373,1
DA:374,2
DA:375,1
DA:378,2
DA:379,2
DA:380,2
DA:382,1
DA:386,2
DA:387,2
DA:388,2
DA:390,1
DA:394,2
DA:395,3
DA:396,2
DA:398,2
DA:401,1
DA:402,2
DA:403,2
DA:405,1
DA:408,1
DA:410,2
DA:411,2
DA:425,3
DA:426,3
DA:427,3
DA:429,3
LF:135
LH:133
end_of_record
SF:lib/src/Evaluator/experiment_evaluator.dart
DA:11,7
DA:13,39
DA:15,2
DA:19,2
DA:25,36
DA:27,1
DA:36,12
DA:37,24
DA:39,8
DA:40,16
DA:41,24
DA:44,4
DA:54,5
DA:55,1
DA:59,1
DA:64,5
DA:65,5
DA:66,12
DA:67,1
DA:69,11
DA:72,5
DA:73,5
DA:75,10
DA:76,2
DA:77,2
DA:81,2
DA:86,5
DA:90,12
DA:91,1
DA:93,1
DA:94,1
DA:95,1
DA:96,2
DA:97,1
DA:98,1
DA:100,2
DA:101,1
DA:102,1
DA:106,5
DA:107,8
DA:108,1
DA:109,1
DA:113,1
DA:117,5
DA:118,4
DA:120,2
DA:121,2
DA:122,2
DA:126,2
DA:133,5
DA:134,8
DA:135,20
DA:136,2
DA:140,2
DA:145,5
DA:146,3
DA:148,3
DA:149,3
DA:151,3
DA:153,4
DA:154,0
DA:158,0
DA:163,2
DA:164,2
DA:166,1
DA:167,2
DA:171,1
DA:172,1
DA:176,1
DA:185,5
DA:186,10
DA:188,8
DA:192,0
DA:193,0
DA:197,0
DA:203,5
DA:204,5
DA:205,10
DA:206,5
DA:207,5
DA:209,5
DA:213,1
DA:214,1
DA:218,1
DA:225,5
DA:226,2
DA:227,2
DA:231,2
DA:236,5
DA:237,2
DA:241,2
DA:246,10
DA:247,1
DA:251,1
DA:256,5
DA:266,12
DA:267,1
DA:271,1
DA:272,4
DA:276,1
DA:277,2
DA:278,5
DA:279,4
DA:283,10
DA:284,20
DA:290,7
DA:304,25
DA:309,7
DA:310,7
DA:311,16
DA:312,1
DA:314,15
DA:317,7
DA:318,7
DA:321,14
DA:323,16
DA:325,7
DA:328,34
DA:331,9
DA:335,2
DA:337,2
DA:347,1
DA:354,2
LF:123
LH:118
end_of_record
SF:lib/src/Evaluator/feature_evaluator.dart
DA:13,6
DA:15,12
DA:19,18
DA:20,2
DA:25,1
DA:30,18
DA:31,12
DA:34,18
DA:38,3
DA:43,1
DA:47,14
DA:48,12
DA:51,12
DA:53,4
DA:55,6
DA:56,6
DA:58,6
DA:61,4
DA:62,2
DA:67,1
DA:73,4
DA:76,4
DA:78,2
DA:79,4
DA:85,2
DA:86,2
DA:87,2
DA:92,1
DA:102,4
DA:103,4
DA:104,1
DA:110,4
DA:111,3
DA:112,2
DA:113,2
DA:114,1
DA:115,2
DA:117,1
DA:122,3
DA:123,7
DA:124,3
DA:125,3
DA:126,8
DA:127,1
DA:129,3
DA:130,3
DA:131,3
DA:135,1
DA:140,3
DA:141,3
DA:142,2
DA:143,1
DA:144,1
DA:145,2
DA:146,1
DA:147,3
DA:154,9
DA:155,1
DA:158,3
DA:163,3
DA:164,3
DA:165,3
DA:166,3
DA:167,3
DA:168,3
DA:169,5
DA:170,3
DA:171,3
DA:172,3
DA:173,3
DA:174,3
DA:175,3
DA:176,3
DA:177,3
DA:178,3
DA:179,3
DA:180,3
DA:181,3
DA:183,6
DA:186,6
DA:188,3
DA:189,3
DA:193,3
DA:195,1
DA:202,12
DA:203,1
DA:210,6
DA:218,12
DA:219,12
DA:220,12
DA:221,6
DA:232,1
DA:235,2
DA:238,3
DA:239,1
DA:245,0
DA:254,1
LF:97
LH:96
end_of_record
SF:lib/src/Features/feature_data_source.dart
DA:18,8
DA:25,8
DA:31,8
DA:32,2
DA:33,2
DA:34,2
DA:35,1
DA:39,16
DA:40,16
DA:41,16
DA:42,8
DA:48,2
DA:54,2
DA:55,2
DA:56,2
DA:57,2
DA:58,2
DA:60,4
DA:63,4
DA:64,2
DA:70,8
DA:74,24
LF:22
LH:22
end_of_record
SF:lib/src/Model/features_model.dart
DA:9,8
DA:25,16
DA:27,16
LF:3
LH:3
end_of_record
SF:lib/src/Model/features_model.g.dart
DA:9,8
DA:10,8
DA:12,8
DA:13,16
DA:14,8
DA:15,8
DA:16,8
DA:19,8
DA:20,8
DA:22,8
DA:23,16
DA:24,8
DA:25,8
DA:26,8
DA:29,8
DA:33,8
DA:35,8
DA:39,8
LF:18
LH:18
end_of_record
SF:lib/src/Features/features_view_model.dart
DA:16,8
DA:37,1
DA:38,2
DA:40,1
DA:41,1
DA:43,3
DA:44,2
DA:50,8
DA:53,8
DA:54,2
DA:55,4
DA:58,8
DA:59,8
DA:64,4
DA:67,1
DA:69,2
DA:76,2
DA:79,16
DA:82,3
DA:86,4
DA:93,2
DA:94,8
DA:98,8
DA:100,0
DA:101,0
DA:102,0
DA:106,8
DA:110,8
DA:114,16
DA:115,8
DA:116,8
DA:118,2
DA:120,4
DA:121,4
DA:130,8
DA:131,8
DA:135,2
DA:138,4
DA:141,2
DA:142,2
DA:144,2
DA:146,4
DA:147,4
DA:148,4
DA:157,2
DA:161,8
DA:164,8
DA:167,4
DA:168,4
DA:171,8
DA:172,8
DA:175,4
DA:177,6
DA:179,1
DA:181,4
DA:184,2
DA:185,2
DA:186,1
DA:191,8
DA:194,9
DA:195,1
DA:198,8
DA:201,1
DA:206,8
DA:207,16
DA:209,16
DA:210,16
DA:211,8
DA:214,24
DA:215,16
DA:217,8
DA:220,8
DA:222,2
DA:223,1
DA:227,4
DA:228,2
DA:230,1
DA:239,1
DA:240,2
DA:243,1
DA:244,0
DA:250,1
DA:251,1
DA:252,1
DA:256,2
DA:257,1
DA:262,1
DA:263,1
DA:265,1
DA:269,2
DA:271,3
DA:272,2
DA:274,1
DA:278,1
DA:282,2
DA:283,2
DA:290,1
DA:291,1
DA:292,1
DA:296,2
DA:297,1
DA:302,1
DA:303,1
DA:305,1
DA:309,2
DA:312,3
DA:313,2
DA:315,1
DA:319,1
DA:323,2
DA:324,2
DA:331,2
DA:332,4
DA:333,4
DA:338,1
DA:339,2
DA:342,1
DA:343,3
DA:344,2
DA:346,1
DA:350,8
DA:351,48
DA:354,3
DA:355,3
DA:356,6
DA:357,4
LF:126
LH:122
end_of_record
SF:lib/src/growth_book_sdk.dart
DA:16,6
DA:55,6
DA:56,6
DA:57,6
DA:58,6
DA:59,6
DA:60,6
DA:61,6
DA:62,6
DA:63,6
DA:64,6
DA:65,6
DA:66,6
DA:67,6
DA:68,6
DA:69,6
DA:70,6
DA:71,6
DA:73,6
DA:74,6
DA:75,6
DA:76,6
DA:77,6
DA:78,6
DA:82,1
DA:83,1
DA:87,0
DA:89,0
DA:94,1
DA:96,1
DA:105,6
DA:114,6
DA:117,1
DA:118,6
DA:119,6
DA:120,12
DA:122,18
DA:123,12
DA:124,12
DA:127,6
DA:151,12
DA:154,6
DA:163,6
DA:164,6
DA:165,18
DA:168,6
DA:173,12
DA:174,6
DA:176,6
DA:177,6
DA:178,6
DA:183,2
DA:185,4
DA:187,2
DA:188,4
DA:193,6
DA:194,12
DA:195,0
DA:199,6
DA:200,12
DA:201,1
DA:203,24
DA:204,24
DA:208,1
DA:209,1
DA:211,3
DA:212,1
DA:213,2
DA:214,1
DA:220,3
DA:221,3
DA:222,6
DA:224,6
DA:225,2
DA:226,3
DA:227,1
DA:228,3
DA:232,3
DA:236,6
DA:237,3
DA:238,4
DA:239,1
DA:243,1
DA:244,2
DA:245,1
DA:246,2
DA:250,1
DA:251,2
DA:254,2
DA:255,2
DA:256,8
DA:257,6
DA:260,2
DA:261,8
DA:264,2
DA:265,0
DA:266,0
DA:269,1
DA:270,3
DA:271,1
DA:272,0
DA:278,3
DA:280,15
DA:282,12
DA:283,6
DA:284,3
DA:287,3
DA:291,1
DA:293,3
DA:297,1
DA:298,2
DA:299,1
DA:300,1
DA:304,2
DA:306,1
DA:307,2
DA:308,1
DA:309,2
DA:310,0
DA:312,1
DA:316,1
DA:317,1
DA:318,1
DA:321,1
DA:323,1
DA:324,1
DA:330,2
DA:331,1
DA:335,2
DA:336,4
DA:337,2
DA:338,2
DA:341,6
DA:343,6
DA:346,6
DA:347,12
DA:348,0
DA:349,0
DA:350,0
DA:354,2
DA:355,4
DA:356,1
DA:357,3
DA:358,1
DA:360,3
DA:363,2
DA:364,2
DA:365,2
DA:371,2
DA:373,10
DA:375,8
DA:376,6
DA:380,1
DA:381,2
DA:384,1
DA:387,2
DA:389,1
DA:390,2
DA:395,1
DA:398,2
DA:399,1
DA:401,1
DA:402,2
LF:163
LH:153
end_of_record
SF:lib/src/Model/sticky_assignments_document.dart
DA:8,3
DA:18,4
DA:20,4
DA:22,1
DA:23,2
LF:5
LH:5
end_of_record
SF:lib/src/Model/sticky_assignments_document.g.dart
DA:9,2
DA:11,2
DA:12,4
DA:13,2
DA:14,2
DA:17,2
DA:19,2
DA:20,2
DA:21,2
DA:22,2
LF:10
LH:10
end_of_record
SF:lib/src/Cache/caching_manager.dart
DA:16,33
DA:17,11
DA:20,11
DA:21,11
DA:24,1
DA:25,1
DA:28,8
DA:32,8
DA:35,11
DA:41,0
DA:42,0
DA:43,0
DA:47,11
DA:48,22
DA:52,11
DA:55,11
DA:57,22
DA:59,0
DA:62,0
DA:63,0
DA:69,11
DA:70,11
DA:71,22
DA:72,11
DA:73,11
DA:75,10
DA:77,0
DA:80,11
DA:82,11
DA:85,33
DA:87,10
DA:90,0
DA:91,0
DA:92,0
DA:93,0
DA:99,10
DA:100,10
DA:101,10
DA:102,6
DA:105,0
DA:110,2
DA:112,0
DA:113,0
DA:118,2
DA:119,2
DA:120,2
DA:121,2
DA:122,2
DA:125,2
DA:129,9
DA:131,0
DA:132,0
DA:133,0
DA:134,0
DA:138,9
DA:139,18
DA:140,9
DA:142,9
DA:144,9
DA:146,0
DA:149,4
LF:61
LH:42
end_of_record
SF:lib/src/Evaluator/experiment_helper.dart
DA:6,18
DA:12,6
DA:15,6
DA:17,6
DA:18,12
DA:19,6
DA:21,6
DA:24,12
DA:29,12
LF:9
LH:9
end_of_record
SF:lib/src/MultiUserMode/Model/evaluation_context.dart
DA:6,10
DA:23,10
LF:2
LH:2
end_of_record
SF:lib/src/Utils/gb_variation_meta.dart
DA:9,4
DA:21,3
DA:22,3
DA:24,2
DA:26,1
DA:28,2
DA:29,1
DA:30,1
DA:37,2
DA:46,1
DA:47,1
DA:49,2
DA:51,1
DA:53,2
DA:54,1
LF:15
LH:15
end_of_record
SF:lib/src/Utils/gb_variation_meta.g.dart
DA:9,3
DA:10,3
DA:11,3
DA:12,3
DA:13,3
DA:16,1
DA:17,1
DA:18,1
DA:19,1
DA:20,1
DA:23,2
DA:24,1
DA:26,0
DA:27,1
DA:29,0
DA:32,2
DA:33,1
DA:34,1
LF:18
LH:16
end_of_record
SF:lib/src/Model/experiment.dart
DA:14,8
DA:74,2
DA:108,6
DA:110,2
DA:112,1
DA:114,2
DA:115,1
DA:116,1
DA:117,1
DA:118,1
DA:119,1
DA:120,1
DA:121,1
DA:122,1
DA:123,1
DA:124,1
DA:125,1
DA:126,1
DA:127,1
DA:128,1
DA:129,1
DA:130,1
DA:131,1
DA:132,1
DA:133,1
LF:25
LH:25
end_of_record
SF:lib/src/Model/experiment.g.dart
DA:9,6
DA:10,3
DA:11,3
DA:12,3
DA:13,3
DA:14,3
DA:15,3
DA:16,1
DA:17,3
DA:18,3
DA:19,3
DA:20,9
DA:21,3
DA:22,3
DA:23,6
DA:24,5
DA:25,6
DA:26,3
DA:27,4
DA:28,4
DA:29,3
DA:30,4
DA:31,8
DA:32,2
DA:33,3
DA:34,3
DA:35,1
DA:36,3
DA:37,6
DA:38,2
DA:39,3
DA:40,3
DA:41,3
DA:44,1
DA:45,1
DA:46,1
DA:47,1
DA:48,1
DA:49,1
DA:50,1
DA:51,1
DA:52,1
DA:53,1
DA:54,1
DA:55,1
DA:56,1
DA:57,1
DA:58,1
DA:59,1
DA:60,1
DA:61,1
DA:62,1
DA:63,1
DA:64,1
DA:65,1
DA:66,1
LF:56
LH:56
end_of_record
SF:lib/src/Model/experiment_result.dart
DA:5,2
DA:6,2
DA:11,8
DA:65,1
DA:66,1
DA:68,4
LF:6
LH:6
end_of_record
SF:lib/src/Model/experiment_result.g.dart
DA:9,1
DA:10,1
DA:11,2
DA:12,1
DA:13,1
DA:14,1
DA:15,2
DA:16,1
DA:17,2
DA:18,1
DA:19,1
DA:20,2
DA:21,1
DA:22,1
DA:25,2
DA:26,2
DA:27,2
DA:28,2
DA:29,2
DA:30,2
DA:31,2
DA:32,2
DA:33,2
DA:34,2
DA:35,2
DA:36,2
DA:37,2
DA:38,2
LF:28
LH:28
end_of_record
SF:lib/src/Model/remote_eval_model.dart
DA:8,3
DA:18,2
DA:20,6
LF:3
LH:3
end_of_record
SF:lib/src/Model/remote_eval_model.g.dart
DA:9,1
DA:10,1
DA:11,1
DA:12,1
DA:13,1
DA:16,3
DA:17,3
DA:18,3
DA:19,3
DA:20,3
LF:10
LH:10
end_of_record
SF:lib/src/Utils/feature_url_builder.dart
DA:6,9
DA:14,9
DA:17,2
DA:20,1
DA:24,9
DA:25,9
DA:27,9
LF:7
LH:7
end_of_record
SF:lib/src/Utils/crypto.dart
DA:17,2
DA:23,10
DA:24,1
DA:29,2
DA:30,2
DA:33,1
DA:35,2
DA:36,1
DA:39,2
DA:44,4
DA:50,12
DA:51,8
DA:52,12
DA:53,1
DA:58,6
DA:59,6
DA:62,3
DA:64,6
DA:65,3
DA:68,6
DA:73,2
DA:74,2
DA:75,2
DA:76,2
DA:78,2
DA:79,2
DA:80,2
DA:82,2
DA:83,4
DA:85,2
DA:90,2
DA:92,2
DA:94,4
DA:95,4
DA:102,1
DA:104,1
DA:111,1
DA:112,1
LF:38
LH:38
end_of_record
SF:lib/src/Features/gb_features_converter.dart
DA:5,75
DA:7,8
DA:9,8
DA:10,16
DA:11,8
DA:12,16
DA:18,8
DA:20,32
LF:8
LH:8
end_of_record
SF:lib/src/Model/features.dart
DA:12,12
DA:24,20
DA:26,16
DA:32,12
DA:131,20
DA:133,18
DA:135,1
DA:137,2
DA:138,1
DA:139,1
DA:140,1
DA:141,1
DA:142,1
DA:143,1
DA:144,1
DA:145,1
DA:146,1
DA:147,1
DA:148,1
DA:149,1
DA:150,1
DA:151,1
DA:152,1
DA:153,1
DA:154,1
DA:155,1
DA:156,1
DA:157,1
DA:158,1
DA:159,1
DA:191,7
DA:221,2
DA:223,2
LF:33
LH:33
end_of_record
SF:lib/src/Model/features.g.dart
DA:9,20
DA:10,10
DA:11,27
DA:12,9
DA:13,10
DA:16,16
DA:17,8
DA:18,8
DA:21,10
DA:22,10
DA:23,10
DA:24,10
DA:25,20
DA:26,10
DA:27,10
DA:28,10
DA:29,10
DA:30,27
DA:31,9
DA:32,10
DA:33,10
DA:34,10
DA:35,12
DA:36,10
DA:37,11
DA:38,11
DA:39,10
DA:40,3
DA:41,1
DA:42,10
DA:43,2
DA:44,4
DA:45,1
DA:46,10
DA:47,6
DA:48,2
DA:49,10
DA:50,3
DA:51,1
DA:52,10
DA:53,10
DA:54,10
DA:55,10
DA:56,0
DA:57,0
DA:58,10
DA:59,3
DA:60,1
DA:63,9
DA:64,9
DA:65,9
DA:66,9
DA:67,9
DA:68,9
DA:69,9
DA:70,9
DA:71,9
DA:72,9
DA:73,9
DA:74,9
DA:75,9
DA:76,9
DA:77,9
DA:78,9
DA:79,9
DA:80,9
DA:81,9
DA:82,9
DA:83,9
DA:84,9
DA:85,9
DA:86,9
DA:87,9
DA:90,1
DA:91,1
DA:92,1
DA:93,1
DA:94,1
DA:95,2
DA:96,1
DA:98,0
DA:99,1
DA:101,0
DA:102,0
DA:103,1
DA:106,1
DA:107,1
DA:108,1
DA:109,1
DA:110,1
DA:111,2
DA:112,1
DA:113,1
DA:114,1
LF:94
LH:89
end_of_record
SF:lib/src/Model/context.dart
DA:7,13
DA:82,9
DA:83,18
DA:84,18
DA:85,27
DA:86,9
DA:92,2
DA:93,4
DA:94,12
LF:9
LH:9
end_of_record
SF:lib/src/StickyBucketService/sticky_bucket_service.dart
DA:23,4
DA:25,5
DA:28,2
DA:31,2
DA:34,2
DA:35,8
DA:38,1
DA:39,1
DA:40,1
DA:49,2
DA:51,6
DA:53,2
DA:54,8
DA:55,8
DA:62,2
DA:65,2
DA:67,4
DA:68,6
DA:70,3
DA:71,1
LF:20
LH:20
end_of_record
SF:lib/src/Model/gb_parent_condition.dart
DA:12,4
DA:15,3
DA:16,3
DA:18,2
LF:4
LH:4
end_of_record
SF:lib/src/Model/gb_parent_condition.g.dart
DA:9,3
DA:10,3
DA:11,3
DA:12,3
DA:13,3
DA:16,1
DA:17,1
DA:18,1
DA:19,1
DA:20,1
LF:10
LH:10
end_of_record
SF:lib/src/Utils/gb_filter.dart
DA:9,3
DA:24,3
DA:25,3
DA:27,2
LF:4
LH:4
end_of_record
SF:lib/src/Utils/gb_filter.g.dart
DA:9,6
DA:10,3
DA:11,3
DA:12,6
DA:13,12
DA:14,3
DA:15,3
DA:16,4
DA:19,2
DA:20,1
DA:21,1
DA:22,1
DA:23,1
LF:13
LH:13
end_of_record
SF:lib/src/MultiUserMode/Model/global_context.dart
DA:4,10
LF:1
LH:1
end_of_record
SF:lib/src/MultiUserMode/Model/options.dart
DA:6,10
LF:1
LH:1
end_of_record
SF:lib/src/MultiUserMode/Model/user_context.dart
DA:4,10
LF:1
LH:1
end_of_record
SF:lib/src/Network/sse_event_transformer.dart
DA:10,26
DA:11,2
DA:13,6
LF:3
LH:3
end_of_record
SF:lib/src/Network/see_event_collector.dart
DA:9,2
DA:11,6
DA:12,2
DA:13,2
DA:14,4
DA:16,4
LF:6
LH:6
end_of_record
SF:lib/src/Network/sse_event.dart
DA:10,3
DA:12,1
DA:13,4
DA:15,1
DA:18,1
DA:19,3
DA:20,3
DA:21,3
DA:23,1
DA:24,8
LF:10
LH:10
end_of_record
SF:lib/src/Network/sse_event_parser.dart
DA:8,26
DA:9,2
DA:11,4
DA:12,2
DA:13,4
DA:14,2
DA:15,2
DA:16,1
DA:19,6
DA:20,6
DA:21,2
DA:23,2
DA:24,2
DA:25,2
DA:26,2
LF:15
LH:15
end_of_record
SF:lib/src/Utils/constant.dart
DA:62,4
DA:71,6
DA:83,3
LF:3
LH:3
end_of_record
SF:lib/src/Utils/decrytion_utils.dart
DA:6,1
DA:7,1
DA:12,1
DA:13,1
DA:14,1
DA:16,1
DA:17,1
DA:18,1
DA:20,1
DA:22,1
DA:29,1
DA:30,1
DA:36,1
DA:38,1
DA:39,1
DA:42,1
DA:45,4
DA:46,1
DA:48,2
DA:50,1
DA:60,1
LF:21
LH:21
end_of_record
SF:lib/src/Utils/gb_utils.dart
DA:23,7
DA:24,7
DA:25,21
DA:26,7
DA:27,7
DA:32,14
DA:33,14
DA:34,14
DA:35,14
DA:36,14
DA:38,7
DA:56,26
DA:61,6
DA:66,6
DA:68,4
DA:69,8
DA:70,12
DA:72,12
DA:73,8
DA:76,6
DA:78,6
DA:79,12
DA:80,18
DA:81,12
DA:89,3
DA:91,9
DA:93,12
DA:98,6
DA:99,6
DA:101,6
DA:102,12
DA:110,6
DA:112,6
DA:116,6
DA:119,6
DA:124,6
DA:126,12
DA:132,18
DA:136,12
DA:142,12
DA:144,6
DA:145,12
DA:148,24
DA:154,6
DA:156,18
DA:158,6
DA:161,24
DA:168,3
DA:172,3
DA:173,6
DA:174,3
DA:175,3
DA:176,3
DA:179,9
DA:180,6
DA:188,2
DA:189,8
DA:193,2
DA:197,4
DA:198,2
DA:199,2
DA:202,2
DA:204,2
DA:205,2
DA:207,2
DA:214,6
DA:215,2
DA:220,3
DA:231,2
DA:234,2
DA:238,2
DA:240,4
DA:245,2
DA:256,1
DA:258,2
DA:264,3
DA:267,12
DA:271,6
DA:272,1
DA:273,1
DA:278,9
DA:279,9
DA:280,9
DA:285,3
DA:289,8
DA:299,1
DA:300,2
DA:301,8
DA:302,14
DA:306,8
DA:307,1
DA:308,2
DA:309,1
DA:310,2
DA:313,2
DA:318,8
DA:321,2
DA:333,2
DA:334,2
DA:335,1
DA:336,1
DA:342,2
DA:343,2
DA:345,4
DA:349,2
DA:352,2
DA:353,2
DA:356,1
DA:357,1
DA:359,2
DA:362,2
DA:366,1
DA:369,1
DA:370,1
DA:373,2
DA:378,2
DA:382,2
DA:385,4
DA:389,4
DA:393,2
DA:396,4
DA:399,6
DA:402,2
DA:405,4
DA:410,4
DA:413,6
DA:417,2
DA:418,4
DA:419,8
DA:420,1
DA:422,8
DA:423,3
DA:427,8
DA:428,4
DA:433,0
DA:435,0
DA:439,2
DA:441,6
DA:447,1
DA:452,1
DA:455,1
DA:456,1
DA:457,1
DA:458,2
DA:461,1
DA:466,1
DA:467,1
DA:468,1
DA:469,0
DA:471,1
DA:472,3
DA:474,1
DA:475,2
DA:481,1
DA:486,1
DA:487,2
DA:488,1
DA:489,1
DA:490,2
DA:491,1
DA:492,2
DA:493,2
DA:494,1
DA:495,2
DA:500,1
DA:503,2
DA:514,2
DA:516,2
DA:523,2
DA:524,2
DA:525,1
DA:526,1
DA:528,2
DA:533,2
DA:537,2
DA:540,8
DA:542,2
DA:544,2
DA:547,1
DA:550,2
DA:552,2
DA:555,1
DA:562,1
DA:566,5
DA:569,2
DA:573,3
DA:576,1
DA:583,1
DA:605,6
DA:607,1
DA:612,1
DA:613,1
DA:639,1
DA:641,1
DA:642,1
DA:644,1
DA:650,1
DA:651,2
DA:668,1
DA:669,1
DA:670,1
DA:673,1
DA:674,2
DA:676,1
DA:677,2
DA:678,1
DA:681,2
DA:682,2
DA:684,1
DA:692,8
DA:694,8
DA:695,8
DA:696,8
DA:698,8
DA:699,8
DA:700,8
DA:702,8
DA:703,8
DA:704,8
DA:705,8
DA:707,8
DA:710,8
DA:711,8
DA:712,8
DA:715,8
DA:716,8
DA:717,8
DA:718,8
DA:721,8
DA:724,8
DA:733,1
DA:735,1
DA:736,1
DA:737,1
LF:234
LH:231
end_of_record
SF:lib/src/Utils/growth_book_logger.dart
DA:3,4
DA:4,4
LF:2
LH:2
end_of_record
